TN:
SF:src/modules/appointments/services/CreateAppointmentService.ts
FN:14,(anonymous_18)
FN:15,CreateAppointmentService
FN:20,(anonymous_20)
FNF:3
FNH:3
FNDA:1,(anonymous_18)
FNDA:2,CreateAppointmentService
FNDA:3,(anonymous_20)
DA:1,1
DA:2,1
DA:4,1
DA:14,1
DA:17,2
DA:20,3
DA:21,3
DA:23,3
DA:27,3
DA:28,1
DA:31,2
DA:36,2
DA:38,1
DA:40,1
LF:14
LH:14
BRDA:27,0,0,1
BRDA:27,0,1,2
BRF:2
BRH:2
end_of_record
TN:
SF:src/modules/users/services/AuthenticateUserService.ts
FN:22,(anonymous_18)
FN:23,AuthenticateService
FN:30,(anonymous_20)
FNF:3
FNH:3
FNDA:1,(anonymous_18)
FNDA:3,AuthenticateService
FNDA:3,(anonymous_20)
DA:1,1
DA:2,1
DA:4,1
DA:6,1
DA:22,1
DA:25,3
DA:27,3
DA:30,3
DA:31,3
DA:33,3
DA:34,1
DA:37,2
DA:42,2
DA:43,1
DA:46,1
DA:48,1
DA:53,1
DA:58,1
DA:60,1
LF:19
LH:19
BRDA:31,0,0,3
BRDA:33,1,0,1
BRDA:33,1,1,2
BRDA:42,2,0,1
BRDA:42,2,1,1
BRF:5
BRH:5
end_of_record
TN:
SF:src/modules/users/services/CreateUserService.ts
FN:15,(anonymous_18)
FN:16,CreateUserService
FN:23,(anonymous_20)
FNF:3
FNH:3
FNDA:2,(anonymous_18)
FNDA:4,CreateUserService
FNDA:5,(anonymous_20)
DA:1,2
DA:3,2
DA:15,2
DA:18,4
DA:20,4
DA:23,5
DA:24,5
DA:26,5
DA:27,1
DA:30,4
DA:32,4
DA:38,4
DA:40,2
DA:42,2
LF:14
LH:14
BRDA:24,0,0,5
BRDA:26,1,0,1
BRDA:26,1,1,4
BRF:3
BRH:3
end_of_record
TN:
SF:src/modules/users/services/ResetPasswordService.ts
FN:15,(anonymous_18)
FN:16,ResetPasswordService
FN:25,(anonymous_20)
FNF:3
FNH:3
FNDA:1,(anonymous_18)
FNDA:4,ResetPasswordService
FNDA:4,(anonymous_20)
DA:1,1
DA:2,1
DA:4,1
DA:15,1
DA:18,4
DA:20,4
DA:22,4
DA:25,4
DA:26,4
DA:28,4
DA:29,1
DA:32,3
DA:34,3
DA:35,1
DA:38,2
DA:39,2
DA:41,2
DA:42,1
DA:45,1
DA:47,2
DA:49,1
DA:51,1
LF:22
LH:22
BRDA:26,0,0,4
BRDA:28,1,0,1
BRDA:28,1,1,3
BRDA:34,2,0,1
BRDA:34,2,1,2
BRDA:41,3,0,1
BRDA:41,3,1,1
BRF:7
BRH:7
end_of_record
TN:
SF:src/modules/users/services/SendForgotPasswordEmailService.ts
FN:14,(anonymous_18)
FN:15,SendForgotPasswordEmailService
FN:24,(anonymous_20)
FNF:3
FNH:3
FNDA:1,(anonymous_18)
FNDA:3,SendForgotPasswordEmailService
FNDA:3,(anonymous_20)
DA:1,1
DA:2,1
DA:5,1
DA:14,1
DA:17,3
DA:19,3
DA:21,3
DA:24,3
DA:25,3
DA:27,3
DA:28,1
DA:31,2
DA:33,2
DA:40,4
DA:55,1
DA:57,1
LF:16
LH:16
BRDA:25,0,0,3
BRDA:27,1,0,1
BRDA:27,1,1,2
BRF:3
BRH:3
end_of_record
TN:
SF:src/modules/users/services/UpdateUserAvatarService.ts
FN:14,(anonymous_18)
FN:15,UpdateUserAvatarService
FN:22,(anonymous_20)
FNF:3
FNH:3
FNDA:1,(anonymous_18)
FNDA:3,UpdateUserAvatarService
FNDA:4,(anonymous_20)
DA:1,1
DA:3,1
DA:14,1
DA:17,3
DA:19,3
DA:22,4
DA:23,4
DA:25,4
DA:26,1
DA:29,3
DA:30,1
DA:33,3
DA:35,3
DA:36,6
DA:38,3
DA:40,1
DA:42,1
LF:17
LH:17
BRDA:23,0,0,4
BRDA:25,1,0,1
BRDA:25,1,1,3
BRDA:29,2,0,1
BRDA:29,2,1,2
BRF:5
BRH:5
end_of_record
